Loading expert policy
Layer: layer_0, (111,64), (1,64)
Layer: layer_2, (64,64), (1,64)
Layer: out, (64,8), (1,8)
Number of instances: 100100
Epoch: 1 , Loss: 0.11642942457170515
Epoch: 2 , Loss: 0.07534522330010687
Epoch: 3 , Loss: 0.05792527006341742
Epoch: 4 , Loss: 0.04805138304040625
Epoch: 5 , Loss: 0.04122168906799682
Epoch: 6 , Loss: 0.0358660250634223
Epoch: 7 , Loss: 0.031076736936083326
Epoch: 8 , Loss: 0.02757401268203537
Epoch: 9 , Loss: 0.02464785211450689
Epoch: 10 , Loss: 0.022533917279391143
Epoch: 11 , Loss: 0.020558089504946957
Epoch: 12 , Loss: 0.019222398199639716
Epoch: 13 , Loss: 0.018163339789216217
Epoch: 14 , Loss: 0.01723552910598008
Epoch: 15 , Loss: 0.016480037992174453
Epoch: 16 , Loss: 0.01589206374965824
Epoch: 17 , Loss: 0.01538788488218477
Epoch: 18 , Loss: 0.014861254006118088
Epoch: 19 , Loss: 0.01440510092915355
Epoch: 20 , Loss: 0.01397158813762379
Epoch: 21 , Loss: 0.013611677733810989
Epoch: 22 , Loss: 0.013287166720265513
Epoch: 23 , Loss: 0.013006479001783587
Epoch: 24 , Loss: 0.012738422816330855
Epoch: 25 , Loss: 0.012505943363124912
Epoch: 26 , Loss: 0.01232694254769431
Epoch: 27 , Loss: 0.012136201163033744
Epoch: 28 , Loss: 0.011969980371820106
Epoch: 29 , Loss: 0.01185020312443599
Epoch: 30 , Loss: 0.011697481104901264
Epoch: 31 , Loss: 0.011555359408810185
Epoch: 32 , Loss: 0.011411586569977568
Epoch: 33 , Loss: 0.011291699812009738
Epoch: 34 , Loss: 0.011165139317869784
Epoch: 35 , Loss: 0.011071615874112307
Epoch: 36 , Loss: 0.010941641040138908
Epoch: 37 , Loss: 0.010857600467902916
Epoch: 38 , Loss: 0.010789553502222875
Epoch: 39 , Loss: 0.01071230556105043
Epoch: 40 , Loss: 0.010610916783640553
Epoch: 41 , Loss: 0.01050832042922745
Epoch: 42 , Loss: 0.01043659463390842
Epoch: 43 , Loss: 0.010365803263165971
Epoch: 44 , Loss: 0.010294993947912287
Epoch: 45 , Loss: 0.010252976045980081
Epoch: 46 , Loss: 0.01018142031384753
Epoch: 47 , Loss: 0.01013979705539974
Epoch: 48 , Loss: 0.010051315597720913
Epoch: 49 , Loss: 0.009992968321561099
Epoch: 50 , Loss: 0.00993966075923893
Epoch: 51 , Loss: 0.009894600205130867
Epoch: 52 , Loss: 0.009842284921404126
Epoch: 53 , Loss: 0.009806247102868901
Epoch: 54 , Loss: 0.009773411962774013
Epoch: 55 , Loss: 0.009739583655670805
Epoch: 56 , Loss: 0.009695714877678322
Epoch: 57 , Loss: 0.009660232133798666
Epoch: 58 , Loss: 0.009616115879226518
Epoch: 59 , Loss: 0.009573723379072252
Epoch: 60 , Loss: 0.009549984836673641
Epoch: 61 , Loss: 0.00952442444525994
Epoch: 62 , Loss: 0.009463548715059812
Epoch: 63 , Loss: 0.00945470030610259
Epoch: 64 , Loss: 0.009435810249644917
Epoch: 65 , Loss: 0.009410958504462457
Epoch: 66 , Loss: 0.009385726335165384
Epoch: 67 , Loss: 0.009346640962701696
Epoch: 68 , Loss: 0.009309176067253212
Epoch: 69 , Loss: 0.009287420314746898
Epoch: 70 , Loss: 0.00924275137446858
Epoch: 71 , Loss: 0.009208006887407331
Epoch: 72 , Loss: 0.00918945100995806
Epoch: 73 , Loss: 0.00918511769392869
Epoch: 74 , Loss: 0.009139467355135556
Epoch: 75 , Loss: 0.00910456355158742
Epoch: 76 , Loss: 0.009074863603898696
Epoch: 77 , Loss: 0.0090533343323699
Epoch: 78 , Loss: 0.009014609860373543
Epoch: 79 , Loss: 0.008989096490534155
Epoch: 80 , Loss: 0.00898393086024693
Epoch: 81 , Loss: 0.008962660307412619
Epoch: 82 , Loss: 0.008940454398716366
Epoch: 83 , Loss: 0.008913442926568822
Epoch: 84 , Loss: 0.008888310876402345
Epoch: 85 , Loss: 0.008855654200116594
Epoch: 86 , Loss: 0.008831234559431658
Epoch: 87 , Loss: 0.008812520832686754
Epoch: 88 , Loss: 0.008778084646333586
Epoch: 89 , Loss: 0.008768998235612958
Epoch: 90 , Loss: 0.008763512190762575
Epoch: 91 , Loss: 0.008727396796871494
Epoch: 92 , Loss: 0.00869622537544319
Epoch: 93 , Loss: 0.008679642794015525
Epoch: 94 , Loss: 0.008669719355446952
Epoch: 95 , Loss: 0.008651082653861183
Epoch: 96 , Loss: 0.008618849817213121
Epoch: 97 , Loss: 0.008610967903823166
Epoch: 98 , Loss: 0.008587777931373436
Epoch: 99 , Loss: 0.008566300961878392
Epoch: 100 , Loss: 0.008547220661209061
Epoch: 101 , Loss: 0.008544461910541241
Epoch: 102 , Loss: 0.00851641630673861
Epoch: 103 , Loss: 0.00848651943864165
Epoch: 104 , Loss: 0.008458589802493343
Epoch: 105 , Loss: 0.008421004087655814
Epoch: 106 , Loss: 0.008394403836348435
Epoch: 107 , Loss: 0.00837814942463771
Epoch: 108 , Loss: 0.008368125235760486
Epoch: 109 , Loss: 0.008366855600854376
Epoch: 110 , Loss: 0.008345814730142141
Epoch: 111 , Loss: 0.008324617193890856
Epoch: 112 , Loss: 0.00831166142826671
Epoch: 113 , Loss: 0.008294207640103884
Epoch: 114 , Loss: 0.008276212303550332
Epoch: 115 , Loss: 0.00825546336578918
Epoch: 116 , Loss: 0.008234379165298813
Epoch: 117 , Loss: 0.0082179504436451
Epoch: 118 , Loss: 0.008205122511822741
Epoch: 119 , Loss: 0.008175492372427073
Epoch: 120 , Loss: 0.008169815290224302
Epoch: 121 , Loss: 0.008181811045933437
Epoch: 122 , Loss: 0.0081487603406687
Epoch: 123 , Loss: 0.008141916491292216
Epoch: 124 , Loss: 0.008122359124811499
Epoch: 125 , Loss: 0.008142894069393437
Epoch: 126 , Loss: 0.00812428202900615
Epoch: 127 , Loss: 0.00811264104061908
Epoch: 128 , Loss: 0.00808518316600468
Epoch: 129 , Loss: 0.008079899603074843
Epoch: 130 , Loss: 0.008049635732328737
Epoch: 131 , Loss: 0.008025582005808522
Epoch: 132 , Loss: 0.008008273136127484
Epoch: 133 , Loss: 0.007992222463929808
Epoch: 134 , Loss: 0.007974996223792687
Epoch: 135 , Loss: 0.007959531008542239
Epoch: 136 , Loss: 0.00794638959082452
Epoch: 137 , Loss: 0.007931590220787666
Epoch: 138 , Loss: 0.007932591223931099
Epoch: 139 , Loss: 0.007922250993482835
Epoch: 140 , Loss: 0.007922674261487567
Epoch: 141 , Loss: 0.007923620142541327
Epoch: 142 , Loss: 0.007909210859597861
Epoch: 143 , Loss: 0.00789724999969894
Epoch: 144 , Loss: 0.00791722798800016
Epoch: 145 , Loss: 0.00791656757568146
Epoch: 146 , Loss: 0.00792151502557806
Epoch: 147 , Loss: 0.007917917608381151
Epoch: 148 , Loss: 0.007900337396444497
Epoch: 149 , Loss: 0.007890598083233143
Epoch: 150 , Loss: 0.007877711644777647
Epoch: 151 , Loss: 0.007864263108917526
Epoch: 152 , Loss: 0.00785857557416796
Epoch: 153 , Loss: 0.007863905352431458
Epoch: 154 , Loss: 0.007844483479634151
Epoch: 155 , Loss: 0.00783276718455952
Epoch: 156 , Loss: 0.00781773209929109
Epoch: 157 , Loss: 0.007803885329377044
Epoch: 158 , Loss: 0.007799842803032844
Epoch: 159 , Loss: 0.007792513528903881
Epoch: 160 , Loss: 0.00777156343945971
Epoch: 161 , Loss: 0.007747599871365817
Epoch: 162 , Loss: 0.007729807609802002
Epoch: 163 , Loss: 0.007714071423857362
Epoch: 164 , Loss: 0.007698704173395803
Epoch: 165 , Loss: 0.007689293601534346
Epoch: 166 , Loss: 0.007678536501797763
Epoch: 167 , Loss: 0.007665836163214989
Epoch: 168 , Loss: 0.007646252449218567
Epoch: 169 , Loss: 0.007652062588519269
Epoch: 170 , Loss: 0.007635474411043135
Epoch: 171 , Loss: 0.007626485082653019
Epoch: 172 , Loss: 0.007623601881535975
Epoch: 173 , Loss: 0.007611225818420624
Epoch: 174 , Loss: 0.007603252169850108
Epoch: 175 , Loss: 0.007583179152333415
Epoch: 176 , Loss: 0.007596483109118817
Epoch: 177 , Loss: 0.007577919888567853
Epoch: 178 , Loss: 0.007578828804023735
Epoch: 179 , Loss: 0.007565153460878949
Epoch: 180 , Loss: 0.007561404235832222
Epoch: 181 , Loss: 0.007554849239734265
Epoch: 182 , Loss: 0.00752671660005034
Epoch: 183 , Loss: 0.007523536725001378
Epoch: 184 , Loss: 0.007511766185531845
Epoch: 185 , Loss: 0.007500263388221199
Epoch: 186 , Loss: 0.007484598272925728
Epoch: 187 , Loss: 0.00748807197922355
Epoch: 188 , Loss: 0.007477091149493054
Epoch: 189 , Loss: 0.007469028631052176
Epoch: 190 , Loss: 0.007468477295828866
Epoch: 191 , Loss: 0.007451859308884932
Epoch: 192 , Loss: 0.007448973803372531
Epoch: 193 , Loss: 0.007450229418980373
Epoch: 194 , Loss: 0.007447169283172348
Epoch: 195 , Loss: 0.007428781132359843
Epoch: 196 , Loss: 0.007427805946780728
Epoch: 197 , Loss: 0.007431414082095578
Epoch: 198 , Loss: 0.007426239298535632
Epoch: 199 , Loss: 0.007435908215148347
Epoch: 200 , Loss: 0.0074251853371714496
Epoch: 201 , Loss: 0.007421283068118634
Epoch: 202 , Loss: 0.00741454446708763
Epoch: 203 , Loss: 0.007412028038775647
Epoch: 204 , Loss: 0.007402015146794734
Epoch: 205 , Loss: 0.007388681824747975
Epoch: 206 , Loss: 0.007390024677499548
Epoch: 207 , Loss: 0.0073810551978729586
Epoch: 208 , Loss: 0.00737704123412217
Epoch: 209 , Loss: 0.007370348816270475
Epoch: 210 , Loss: 0.007364775743875113
Epoch: 211 , Loss: 0.00734636173977123
Epoch: 212 , Loss: 0.007334422912750092
Epoch: 213 , Loss: 0.007333504303351983
Epoch: 214 , Loss: 0.007318348802410282
Epoch: 215 , Loss: 0.007314353102332467
Epoch: 216 , Loss: 0.007300158833171223
Epoch: 217 , Loss: 0.0072937606717204
Epoch: 218 , Loss: 0.007275261469297
Epoch: 219 , Loss: 0.007275936713109126
Epoch: 220 , Loss: 0.007265805440706449
Epoch: 221 , Loss: 0.007251366068433214
Epoch: 222 , Loss: 0.007236608961126306
Epoch: 223 , Loss: 0.007232738141413335
Epoch: 224 , Loss: 0.007220561959288575
Epoch: 225 , Loss: 0.007218818571660426
Epoch: 226 , Loss: 0.007200767855782371
Epoch: 227 , Loss: 0.007195054030680394
Epoch: 228 , Loss: 0.007185952198969853
Epoch: 229 , Loss: 0.007184811176715436
Epoch: 230 , Loss: 0.007173430046716055
Epoch: 231 , Loss: 0.0071757924449551
Epoch: 232 , Loss: 0.0071572388540376555
Epoch: 233 , Loss: 0.007146314605251773
Epoch: 234 , Loss: 0.007143339402192123
Epoch: 235 , Loss: 0.007140492375914033
Epoch: 236 , Loss: 0.00713550108176964
Epoch: 237 , Loss: 0.007119931613767778
Epoch: 238 , Loss: 0.007127342483737729
Epoch: 239 , Loss: 0.0071375525867069635
Epoch: 240 , Loss: 0.0071224910038691774
Epoch: 241 , Loss: 0.007119041544335944
Epoch: 242 , Loss: 0.007107922059077245
Epoch: 243 , Loss: 0.00710691661029667
Epoch: 244 , Loss: 0.007095778555303187
Epoch: 245 , Loss: 0.007093884211320144
Epoch: 246 , Loss: 0.007082451099639649
Epoch: 247 , Loss: 0.007072061206196452
Epoch: 248 , Loss: 0.007066162404242334
Epoch: 249 , Loss: 0.007050046218144191
Epoch: 250 , Loss: 0.00704744381504459
Epoch: 251 , Loss: 0.007038874002127023
Epoch: 252 , Loss: 0.007036330611793907
Epoch: 253 , Loss: 0.007031011638584194
Epoch: 254 , Loss: 0.007020536388431514
Epoch: 255 , Loss: 0.0070207257859118575
Epoch: 256 , Loss: 0.007015243405466908
Epoch: 257 , Loss: 0.007010264518139484
Epoch: 258 , Loss: 0.007004270589315927
Epoch: 259 , Loss: 0.0069902777278816304
Epoch: 260 , Loss: 0.006985671000999885
Epoch: 261 , Loss: 0.006977658412315986
Epoch: 262 , Loss: 0.0069711668269855755
Epoch: 263 , Loss: 0.006971127131840327
Epoch: 264 , Loss: 0.006959373712777853
Epoch: 265 , Loss: 0.006957810538393872
Epoch: 266 , Loss: 0.0069578864667322726
Epoch: 267 , Loss: 0.0069468675781558685
Epoch: 268 , Loss: 0.00693872126427802
Epoch: 269 , Loss: 0.006924665355301284
Epoch: 270 , Loss: 0.006924691598017614
Epoch: 271 , Loss: 0.006922751103009615
Epoch: 272 , Loss: 0.006918091102318092
Epoch: 273 , Loss: 0.006911454922431237
Epoch: 274 , Loss: 0.006909319816173969
Epoch: 275 , Loss: 0.006907988458008437
Epoch: 276 , Loss: 0.006906588441961176
Epoch: 277 , Loss: 0.006897108077288388
Epoch: 278 , Loss: 0.006895519733190775
Epoch: 279 , Loss: 0.0068893490054390645
Epoch: 280 , Loss: 0.006882289729037366
Epoch: 281 , Loss: 0.006873314547372031
Epoch: 282 , Loss: 0.006871321901574835
Epoch: 283 , Loss: 0.00687419103456663
Epoch: 284 , Loss: 0.006863916013147924
Epoch: 285 , Loss: 0.006863265566297106
Epoch: 286 , Loss: 0.006867669146734994
Epoch: 287 , Loss: 0.006864475282160314
Epoch: 288 , Loss: 0.006865677719230538
Epoch: 289 , Loss: 0.006860826172671476
Epoch: 290 , Loss: 0.006861079429889416
Epoch: 291 , Loss: 0.00685863259550813
Epoch: 292 , Loss: 0.006857223238025631
Epoch: 293 , Loss: 0.00686242144067328
Epoch: 294 , Loss: 0.006852617799699842
Epoch: 295 , Loss: 0.006851926558501237
Epoch: 296 , Loss: 0.0068608073683289975
Epoch: 297 , Loss: 0.006860664400544676
Epoch: 298 , Loss: 0.0068564273070145796
Epoch: 299 , Loss: 0.006852659868312763
Epoch: 300 , Loss: 0.006858063246701266
Epoch: 301 , Loss: 0.00685681720475455
Epoch: 302 , Loss: 0.006858592059586074
Epoch: 303 , Loss: 0.006857253195165278
Epoch: 304 , Loss: 0.006864724080641191
Epoch: 305 , Loss: 0.006866589476178576
Epoch: 306 , Loss: 0.006869633552673218
Epoch: 307 , Loss: 0.0068590865840206855
Epoch: 308 , Loss: 0.006861424131707831
Epoch: 309 , Loss: 0.006851459285476944
Epoch: 310 , Loss: 0.0068593304307310735
Epoch: 311 , Loss: 0.006856169096835248
Epoch: 312 , Loss: 0.006853225948093654
Epoch: 313 , Loss: 0.006852906719668881
Epoch: 314 , Loss: 0.006859227799988174
Epoch: 315 , Loss: 0.0068573248017203435
Epoch: 316 , Loss: 0.006842751829297869
Epoch: 317 , Loss: 0.006845850477685461
Epoch: 318 , Loss: 0.00684292237837236
Epoch: 319 , Loss: 0.0068387621444660224
Epoch: 320 , Loss: 0.006839892464084225
Epoch: 321 , Loss: 0.006843535311810382
Epoch: 322 , Loss: 0.006851341493360765
Epoch: 323 , Loss: 0.006842554656418411
Epoch: 324 , Loss: 0.006854115192230408
Epoch: 325 , Loss: 0.006845398582778611
Epoch: 326 , Loss: 0.006846817783066086
Epoch: 327 , Loss: 0.00685215219989285
Epoch: 328 , Loss: 0.00684305200567255
Epoch: 329 , Loss: 0.006842791676878572
Epoch: 330 , Loss: 0.006848322184054883
Epoch: 331 , Loss: 0.006849498258127675
Epoch: 332 , Loss: 0.0068497629884954215
Epoch: 333 , Loss: 0.0068467388786636035
Epoch: 334 , Loss: 0.006842814575542104
Epoch: 335 , Loss: 0.0068430488081006975
Epoch: 336 , Loss: 0.006836972402168678
Epoch: 337 , Loss: 0.0068347508221358565
Epoch: 338 , Loss: 0.006829172321609208
Epoch: 339 , Loss: 0.006818484263224797
Epoch: 340 , Loss: 0.006810857127834628
Epoch: 341 , Loss: 0.006813243699002337
Epoch: 342 , Loss: 0.006806567770379645
Epoch: 343 , Loss: 0.006813891762858266
Epoch: 344 , Loss: 0.0068097789756782524
Epoch: 345 , Loss: 0.006803099909028807
Epoch: 346 , Loss: 0.006797753028221778
Epoch: 347 , Loss: 0.006791429038528915
Epoch: 348 , Loss: 0.006797072763566847
Epoch: 349 , Loss: 0.006798757056256274
Epoch: 350 , Loss: 0.00679496725836953
Epoch: 351 , Loss: 0.006791031803641762
Epoch: 352 , Loss: 0.006784322938242635
Epoch: 353 , Loss: 0.006785515581334864
Epoch: 354 , Loss: 0.006789035608956625
Epoch: 355 , Loss: 0.006785060018449873
Epoch: 356 , Loss: 0.006783475703173703
Epoch: 357 , Loss: 0.006787919694488937
Epoch: 358 , Loss: 0.0067784627548583614
Epoch: 359 , Loss: 0.006781786817175287
Epoch: 360 , Loss: 0.0067772577835486965
Epoch: 361 , Loss: 0.0067761579831758815
Epoch: 362 , Loss: 0.006775390886283897
Epoch: 363 , Loss: 0.00676570485283683
Epoch: 364 , Loss: 0.0067641732218739516
Epoch: 365 , Loss: 0.00676021748370343
Epoch: 366 , Loss: 0.006756449662722074
Epoch: 367 , Loss: 0.0067529552347295645
Epoch: 368 , Loss: 0.006755396645743173
Epoch: 369 , Loss: 0.0067518869789687545
Epoch: 370 , Loss: 0.006752747889165278
Epoch: 371 , Loss: 0.006754695478376451
Epoch: 372 , Loss: 0.006761269680150858
Epoch: 373 , Loss: 0.00675678273419162
Epoch: 374 , Loss: 0.006750977819377964
Epoch: 375 , Loss: 0.0067536065783295835
Epoch: 376 , Loss: 0.0067565496699078815
Epoch: 377 , Loss: 0.006745589298682732
Epoch: 378 , Loss: 0.0067401045352428945
Epoch: 379 , Loss: 0.0067388248312604294
Epoch: 380 , Loss: 0.006742584855406434
Epoch: 381 , Loss: 0.00674285864139294
Epoch: 382 , Loss: 0.006742762783309678
Epoch: 383 , Loss: 0.006749859437361345
Epoch: 384 , Loss: 0.006746070944703185
Epoch: 385 , Loss: 0.006747158233459656
Epoch: 386 , Loss: 0.0067344103219149475
Epoch: 387 , Loss: 0.006738878380168568
Epoch: 388 , Loss: 0.006730811008802066
Epoch: 389 , Loss: 0.006737079048728371
Epoch: 390 , Loss: 0.0067327182883625625
Epoch: 391 , Loss: 0.006736005455344826
Epoch: 392 , Loss: 0.006731637872301496
Epoch: 393 , Loss: 0.00672906855603198
Epoch: 394 , Loss: 0.006723490635474602
Epoch: 395 , Loss: 0.006718863389351509
Epoch: 396 , Loss: 0.006721815812837827
Epoch: 397 , Loss: 0.006720318610851581
Epoch: 398 , Loss: 0.006720006620729124
Epoch: 399 , Loss: 0.00672142382625576
Epoch: 400 , Loss: 0.006716954771217171
Epoch: 1 , Total Reward: 4815.678139441901
Epoch: 2 , Total Reward: 4863.812972372384
Epoch: 3 , Total Reward: 4885.0546759255785
Epoch: 4 , Total Reward: 4989.033544287384
Epoch: 5 , Total Reward: 4517.7651241566755
Epoch: 6 , Total Reward: 4759.95148761172
Epoch: 7 , Total Reward: 4800.383348214078
Epoch: 8 , Total Reward: 4639.81920311046
Epoch: 9 , Total Reward: 5093.119819733479
Epoch: 10 , Total Reward: 4913.420329903784
Epoch: 1 , Total Reward: 4973.360639464204
Epoch: 2 , Total Reward: 4919.032436247729
Epoch: 3 , Total Reward: 4850.569533820918
Epoch: 4 , Total Reward: 4955.896779460085
Epoch: 5 , Total Reward: 4942.587524276189
Epoch: 6 , Total Reward: 4891.702303834729
Epoch: 7 , Total Reward: 4930.361811796529
Epoch: 8 , Total Reward: 4701.950975824555
Epoch: 9 , Total Reward: 4775.2954297237375
Epoch: 10 , Total Reward: 4815.026371234619
Expert: mean: 4827.804 std: 165.07811
Bc: mean: 4875.5786 std: 88.2844
