Loading expert policy
Layer: layer_0, (11,64), (1,64)
Layer: layer_2, (64,64), (1,64)
Layer: out, (64,3), (1,3)
Number of instances: 100100
Epoch: 1 , Loss: 0.3432750647027533
Epoch: 2 , Loss: 0.13634641840741352
Epoch: 3 , Loss: 0.08961312758934487
Epoch: 4 , Loss: 0.06709125598827442
Epoch: 5 , Loss: 0.0526025069843639
Epoch: 6 , Loss: 0.03934780916372141
Epoch: 7 , Loss: 0.031217895044789806
Epoch: 8 , Loss: 0.026068812090676505
Epoch: 9 , Loss: 0.02223760158984692
Epoch: 10 , Loss: 0.019213652196344914
Epoch: 11 , Loss: 0.01700345563840914
Epoch: 12 , Loss: 0.015284957071165223
Epoch: 13 , Loss: 0.01398774469291771
Epoch: 14 , Loss: 0.013035348988436795
Epoch: 15 , Loss: 0.01235784360102483
Epoch: 16 , Loss: 0.01157895548360331
Epoch: 17 , Loss: 0.010716823988503866
Epoch: 18 , Loss: 0.009949059807932698
Epoch: 19 , Loss: 0.009407325251833661
Epoch: 20 , Loss: 0.009000517156097915
Epoch: 21 , Loss: 0.008665871908376505
Epoch: 22 , Loss: 0.008264595256461487
Epoch: 23 , Loss: 0.007869472656097564
Epoch: 24 , Loss: 0.0074879162878423305
Epoch: 25 , Loss: 0.007173435147944745
Epoch: 26 , Loss: 0.006822746704508375
Epoch: 27 , Loss: 0.006508274166495888
Epoch: 28 , Loss: 0.006255327748966503
Epoch: 29 , Loss: 0.005993231980355231
Epoch: 30 , Loss: 0.005762172059698419
Epoch: 31 , Loss: 0.00555748297856166
Epoch: 32 , Loss: 0.005376556251908873
Epoch: 33 , Loss: 0.005193327682001607
Epoch: 34 , Loss: 0.005008158765949093
Epoch: 35 , Loss: 0.0048399601687679995
Epoch: 36 , Loss: 0.004707991916697461
Epoch: 37 , Loss: 0.004560900359125166
Epoch: 38 , Loss: 0.004439764555160339
Epoch: 39 , Loss: 0.004332201719641328
Epoch: 40 , Loss: 0.00424285118307148
Epoch: 41 , Loss: 0.004174180802527246
Epoch: 42 , Loss: 0.0041073840153919945
Epoch: 43 , Loss: 0.004055783816508123
Epoch: 44 , Loss: 0.004019617547879328
Epoch: 45 , Loss: 0.003997032274375786
Epoch: 46 , Loss: 0.003969541179252552
Epoch: 47 , Loss: 0.003948639171583192
Epoch: 48 , Loss: 0.003929870715746275
Epoch: 49 , Loss: 0.0039345919103412836
Epoch: 50 , Loss: 0.003968576684102908
Epoch: 51 , Loss: 0.0039846652823609194
Epoch: 52 , Loss: 0.004002189568349055
Epoch: 53 , Loss: 0.004007558639232929
Epoch: 54 , Loss: 0.00398737359058845
Epoch: 55 , Loss: 0.003953797331342211
Epoch: 56 , Loss: 0.0039010554772395114
Epoch: 57 , Loss: 0.0038378365497131806
Epoch: 58 , Loss: 0.003760115546541852
Epoch: 59 , Loss: 0.003706222372455197
Epoch: 60 , Loss: 0.003643741506737072
Epoch: 61 , Loss: 0.0035716016794537214
Epoch: 62 , Loss: 0.003504304879314297
Epoch: 63 , Loss: 0.0034459937732298296
Epoch: 64 , Loss: 0.0033861694606272252
Epoch: 65 , Loss: 0.0033536401292779943
Epoch: 66 , Loss: 0.00333861459980716
Epoch: 67 , Loss: 0.003308580182827674
Epoch: 68 , Loss: 0.0032922832675270743
Epoch: 69 , Loss: 0.0032604386339654457
Epoch: 70 , Loss: 0.0032349917590320408
Epoch: 71 , Loss: 0.003207321818415578
Epoch: 72 , Loss: 0.003171093082809067
Epoch: 73 , Loss: 0.003141008136751173
Epoch: 74 , Loss: 0.0031147632583395225
Epoch: 75 , Loss: 0.0030904438558753793
Epoch: 76 , Loss: 0.0030606664933048406
Epoch: 77 , Loss: 0.00302971501688619
Epoch: 78 , Loss: 0.0029890563372489097
Epoch: 79 , Loss: 0.0029596007117381937
Epoch: 80 , Loss: 0.002932159935201441
Epoch: 81 , Loss: 0.0029099987612499463
Epoch: 82 , Loss: 0.0028881776651421506
Epoch: 83 , Loss: 0.0028666437395683656
Epoch: 84 , Loss: 0.0028509450456002854
Epoch: 85 , Loss: 0.0028286071420906785
Epoch: 86 , Loss: 0.0027984421927254874
Epoch: 87 , Loss: 0.0027834690450788376
Epoch: 88 , Loss: 0.002756347853939731
Epoch: 89 , Loss: 0.0027229966802315994
Epoch: 90 , Loss: 0.002711726780180688
Epoch: 91 , Loss: 0.002689028550218512
Epoch: 92 , Loss: 0.0026603393457628986
Epoch: 93 , Loss: 0.002644075089758569
Epoch: 94 , Loss: 0.002619778718148078
Epoch: 95 , Loss: 0.0026052508731702942
Epoch: 96 , Loss: 0.002584595344997905
Epoch: 97 , Loss: 0.002554673632899007
Epoch: 98 , Loss: 0.002528993147355574
Epoch: 99 , Loss: 0.0025065030090577834
Epoch: 100 , Loss: 0.002481073769298824
Epoch: 101 , Loss: 0.002453596510670402
Epoch: 102 , Loss: 0.0024281815861488558
Epoch: 103 , Loss: 0.002406174901660744
Epoch: 104 , Loss: 0.002384840279490083
Epoch: 105 , Loss: 0.0023601567143803235
Epoch: 106 , Loss: 0.0023470076998987873
Epoch: 107 , Loss: 0.002328566290162779
Epoch: 108 , Loss: 0.0023055423229009836
Epoch: 109 , Loss: 0.002288697324432693
Epoch: 110 , Loss: 0.0022682453306404862
Epoch: 111 , Loss: 0.002261907382385357
Epoch: 112 , Loss: 0.00224373383628024
Epoch: 113 , Loss: 0.002229257952738237
Epoch: 114 , Loss: 0.0022110438037228277
Epoch: 115 , Loss: 0.002195243264411713
Epoch: 116 , Loss: 0.0021828124847088183
Epoch: 117 , Loss: 0.0021692982783446182
Epoch: 118 , Loss: 0.0021523948926311155
Epoch: 119 , Loss: 0.0021427457530300816
Epoch: 120 , Loss: 0.0021319527267576097
Epoch: 121 , Loss: 0.002115383984206559
Epoch: 122 , Loss: 0.0021063896650439138
Epoch: 123 , Loss: 0.002094703100539826
Epoch: 124 , Loss: 0.0020785450339912775
Epoch: 125 , Loss: 0.0020625260814681992
Epoch: 126 , Loss: 0.0020470279464116703
Epoch: 127 , Loss: 0.002039619855411522
Epoch: 128 , Loss: 0.0020254985093474983
Epoch: 129 , Loss: 0.002017887270414865
Epoch: 130 , Loss: 0.0020010594655941057
Epoch: 131 , Loss: 0.001987065670790372
Epoch: 132 , Loss: 0.001971195060294587
Epoch: 133 , Loss: 0.001954717306823997
Epoch: 134 , Loss: 0.0019351659145031299
Epoch: 135 , Loss: 0.0019252880326994172
Epoch: 136 , Loss: 0.001905904989857059
Epoch: 137 , Loss: 0.0018947181998790203
Epoch: 138 , Loss: 0.0018802977418089723
Epoch: 139 , Loss: 0.0018710330262646214
Epoch: 140 , Loss: 0.0018550032180744214
Epoch: 141 , Loss: 0.0018492887915669382
Epoch: 142 , Loss: 0.0018390699610724435
Epoch: 143 , Loss: 0.0018259040536461296
Epoch: 144 , Loss: 0.001817644007436998
Epoch: 145 , Loss: 0.0018097870193280422
Epoch: 146 , Loss: 0.0017931523535039636
Epoch: 147 , Loss: 0.0017868504109797064
Epoch: 148 , Loss: 0.0017827147245407105
Epoch: 149 , Loss: 0.0017771393048775185
Epoch: 150 , Loss: 0.0017703987995942275
Epoch: 151 , Loss: 0.0017541754620892184
Epoch: 152 , Loss: 0.001755007051980936
Epoch: 153 , Loss: 0.0017549860915103991
Epoch: 154 , Loss: 0.0017493357009940094
Epoch: 155 , Loss: 0.0017453982607348935
Epoch: 156 , Loss: 0.0017380668745412455
Epoch: 157 , Loss: 0.0017359949896981071
Epoch: 158 , Loss: 0.0017304794462053449
Epoch: 159 , Loss: 0.001727559143727595
Epoch: 160 , Loss: 0.0017253776795261508
Epoch: 161 , Loss: 0.001723967826032972
Epoch: 162 , Loss: 0.0017208974151225475
Epoch: 163 , Loss: 0.0017150243086652918
Epoch: 164 , Loss: 0.0017124869648393218
Epoch: 165 , Loss: 0.0017054764022836676
Epoch: 166 , Loss: 0.0017053156183077978
Epoch: 167 , Loss: 0.0016991127978314411
Epoch: 168 , Loss: 0.0016895947708831086
Epoch: 169 , Loss: 0.001686595210007259
Epoch: 170 , Loss: 0.0016813905889933164
Epoch: 171 , Loss: 0.0016737671516515635
Epoch: 172 , Loss: 0.001670339805381996
Epoch: 173 , Loss: 0.0016610435767845436
Epoch: 174 , Loss: 0.0016537608029125455
Epoch: 175 , Loss: 0.0016450858336466772
Epoch: 176 , Loss: 0.0016361968205882596
Epoch: 177 , Loss: 0.0016295202491762159
Epoch: 178 , Loss: 0.0016263505524688668
Epoch: 179 , Loss: 0.0016196480533340713
Epoch: 180 , Loss: 0.0016145377231763674
Epoch: 181 , Loss: 0.0016093281101989937
Epoch: 182 , Loss: 0.001605430385032734
Epoch: 183 , Loss: 0.001600651015173067
Epoch: 184 , Loss: 0.001597481096362496
Epoch: 185 , Loss: 0.0015864466992648808
Epoch: 186 , Loss: 0.0015794033193207168
Epoch: 187 , Loss: 0.0015703179104463918
Epoch: 188 , Loss: 0.001557479390314409
Epoch: 189 , Loss: 0.001555852973973239
Epoch: 190 , Loss: 0.0015430379092514694
Epoch: 191 , Loss: 0.0015384049316148063
Epoch: 192 , Loss: 0.001530304221095858
Epoch: 193 , Loss: 0.0015256673832992455
Epoch: 194 , Loss: 0.0015197163494257303
Epoch: 195 , Loss: 0.00151501438864223
Epoch: 196 , Loss: 0.001505838089532309
Epoch: 197 , Loss: 0.0015035723919396872
Epoch: 198 , Loss: 0.0014957972101636461
Epoch: 199 , Loss: 0.0014974091388843395
Epoch: 200 , Loss: 0.0014948526230249015
Epoch: 201 , Loss: 0.0014842145929446111
Epoch: 202 , Loss: 0.0014782291537636405
Epoch: 203 , Loss: 0.0014684705209958328
Epoch: 204 , Loss: 0.0014648105964794025
Epoch: 205 , Loss: 0.0014608962821972358
Epoch: 206 , Loss: 0.0014558286177409397
Epoch: 207 , Loss: 0.0014539089228782977
Epoch: 208 , Loss: 0.0014440173513584442
Epoch: 209 , Loss: 0.0014372714602208876
Epoch: 210 , Loss: 0.001433250812086073
Epoch: 211 , Loss: 0.0014294029184273788
Epoch: 212 , Loss: 0.0014270312883160807
Epoch: 213 , Loss: 0.0014223469455878098
Epoch: 214 , Loss: 0.0014174423937673693
Epoch: 215 , Loss: 0.0014172738570195217
Epoch: 216 , Loss: 0.0014196816435107938
Epoch: 217 , Loss: 0.0014210799701147147
Epoch: 218 , Loss: 0.0014202082639450317
Epoch: 219 , Loss: 0.001414539683591593
Epoch: 220 , Loss: 0.0014090927417104418
Epoch: 221 , Loss: 0.0014144080674850738
Epoch: 222 , Loss: 0.0014117532968521119
Epoch: 223 , Loss: 0.0014040918899820996
Epoch: 224 , Loss: 0.0013983452803902811
Epoch: 225 , Loss: 0.0013872914876673487
Epoch: 226 , Loss: 0.001384205626738774
Epoch: 227 , Loss: 0.0013749678845291252
Epoch: 228 , Loss: 0.0013724202155828715
Epoch: 229 , Loss: 0.0013733348918782843
Epoch: 230 , Loss: 0.0013678770407394216
Epoch: 231 , Loss: 0.0013652355255899611
Epoch: 232 , Loss: 0.0013597617104098752
Epoch: 233 , Loss: 0.0013574249441033
Epoch: 234 , Loss: 0.001352985828638553
Epoch: 235 , Loss: 0.001353964310187798
Epoch: 236 , Loss: 0.0013486605799281513
Epoch: 237 , Loss: 0.0013468980929115554
Epoch: 238 , Loss: 0.0013437166309856869
Epoch: 239 , Loss: 0.0013400228395983652
Epoch: 240 , Loss: 0.0013357831868198845
Epoch: 241 , Loss: 0.0013340989523357922
Epoch: 242 , Loss: 0.0013344260672112922
Epoch: 243 , Loss: 0.001327891668805352
Epoch: 244 , Loss: 0.0013261487344642738
Epoch: 245 , Loss: 0.0013190213576718406
Epoch: 246 , Loss: 0.0013147805702614856
Epoch: 247 , Loss: 0.0013128678263960541
Epoch: 248 , Loss: 0.0013066049136005557
Epoch: 249 , Loss: 0.001302564709515243
Epoch: 250 , Loss: 0.0012987128339268705
Epoch: 251 , Loss: 0.0012953516182961401
Epoch: 252 , Loss: 0.0012911770646865076
Epoch: 253 , Loss: 0.00128595194735608
Epoch: 254 , Loss: 0.0012828424869181512
Epoch: 255 , Loss: 0.001280215993806437
Epoch: 256 , Loss: 0.0012775954163515128
Epoch: 257 , Loss: 0.0012766056850954488
Epoch: 258 , Loss: 0.001267670700540552
Epoch: 259 , Loss: 0.0012649137956219597
Epoch: 260 , Loss: 0.0012608429604953344
Epoch: 261 , Loss: 0.0012601816764363756
Epoch: 262 , Loss: 0.0012571936689473532
Epoch: 263 , Loss: 0.0012542213367058204
Epoch: 264 , Loss: 0.0012520050430869486
Epoch: 265 , Loss: 0.0012473485731221102
Epoch: 266 , Loss: 0.0012432856558562517
Epoch: 267 , Loss: 0.0012420990622484243
Epoch: 268 , Loss: 0.0012406577297917137
Epoch: 269 , Loss: 0.001235862470471061
Epoch: 270 , Loss: 0.0012343237649548899
Epoch: 271 , Loss: 0.001233375700531187
Epoch: 272 , Loss: 0.001229908529456917
Epoch: 273 , Loss: 0.0012286934661460327
Epoch: 274 , Loss: 0.0012237265211837989
Epoch: 275 , Loss: 0.0012167913465947657
Epoch: 276 , Loss: 0.0012133903171751763
Epoch: 277 , Loss: 0.0012100213508565467
Epoch: 278 , Loss: 0.0012090193701314402
Epoch: 279 , Loss: 0.0012059551434262055
Epoch: 280 , Loss: 0.001203860339525339
Epoch: 281 , Loss: 0.001200224242575995
Epoch: 282 , Loss: 0.0011988386580279538
Epoch: 283 , Loss: 0.0011916400782473675
Epoch: 284 , Loss: 0.0011884046127865245
Epoch: 285 , Loss: 0.0011863639271938121
Epoch: 286 , Loss: 0.0011811227593329047
Epoch: 287 , Loss: 0.0011772474694204378
Epoch: 288 , Loss: 0.0011769479928495404
Epoch: 289 , Loss: 0.0011753022850869777
Epoch: 290 , Loss: 0.001171272296707828
Epoch: 291 , Loss: 0.0011722167367701763
Epoch: 292 , Loss: 0.0011691676188896705
Epoch: 293 , Loss: 0.0011685803904757275
Epoch: 294 , Loss: 0.0011628411567354059
Epoch: 295 , Loss: 0.0011587790394579614
Epoch: 296 , Loss: 0.0011521056738052215
Epoch: 297 , Loss: 0.0011485487309011904
Epoch: 298 , Loss: 0.0011464573378924961
Epoch: 299 , Loss: 0.0011402795108762774
Epoch: 300 , Loss: 0.0011362819613276662
Epoch: 301 , Loss: 0.001128577787380714
Epoch: 302 , Loss: 0.0011250510165741394
Epoch: 303 , Loss: 0.0011235117254319129
Epoch: 304 , Loss: 0.0011193348037136662
Epoch: 305 , Loss: 0.001116075539118522
Epoch: 306 , Loss: 0.001111490388254781
Epoch: 307 , Loss: 0.0011076547726467773
Epoch: 308 , Loss: 0.0011056724938002976
Epoch: 309 , Loss: 0.001100561761713171
Epoch: 310 , Loss: 0.0010986333635898975
Epoch: 311 , Loss: 0.0010955361174894021
Epoch: 312 , Loss: 0.0010926736344943394
Epoch: 313 , Loss: 0.0010941677301615983
Epoch: 314 , Loss: 0.0010950410907918757
Epoch: 315 , Loss: 0.0010921172802145784
Epoch: 316 , Loss: 0.0010922715803245446
Epoch: 317 , Loss: 0.0010947635570367972
Epoch: 318 , Loss: 0.001101419322795563
Epoch: 319 , Loss: 0.0011021652576568481
Epoch: 320 , Loss: 0.0011051334317152078
Epoch: 321 , Loss: 0.0011100435737784688
Epoch: 322 , Loss: 0.0011163708470858537
Epoch: 323 , Loss: 0.0011240205362245633
Epoch: 324 , Loss: 0.0011334404614302782
Epoch: 325 , Loss: 0.0011384205908684822
Epoch: 326 , Loss: 0.001144220949291111
Epoch: 327 , Loss: 0.001149466979753721
Epoch: 328 , Loss: 0.0011526015299659865
Epoch: 329 , Loss: 0.0011542813648115267
Epoch: 330 , Loss: 0.0011548267952450268
Epoch: 331 , Loss: 0.0011548022632594114
Epoch: 332 , Loss: 0.001155485730249803
Epoch: 333 , Loss: 0.0011510009509878797
Epoch: 334 , Loss: 0.0011477714235132391
Epoch: 335 , Loss: 0.0011460620843685352
Epoch: 336 , Loss: 0.0011400036096989692
Epoch: 337 , Loss: 0.0011319099159745665
Epoch: 338 , Loss: 0.001121067463101207
Epoch: 339 , Loss: 0.001127042080258037
Epoch: 340 , Loss: 0.001173848569333613
Epoch: 341 , Loss: 0.0011870172106243156
Epoch: 342 , Loss: 0.0011805619786192964
Epoch: 343 , Loss: 0.0011830033693875704
Epoch: 344 , Loss: 0.0011873470575778516
Epoch: 345 , Loss: 0.0011945691383206524
Epoch: 346 , Loss: 0.0011887722001685487
Epoch: 347 , Loss: 0.0011891338851425673
Epoch: 348 , Loss: 0.0011864992848166695
Epoch: 349 , Loss: 0.001184354325036307
Epoch: 350 , Loss: 0.0011826362524118338
Epoch: 351 , Loss: 0.0011824050450420284
Epoch: 352 , Loss: 0.0011801402248464501
Epoch: 353 , Loss: 0.0011768200118224938
Epoch: 354 , Loss: 0.001179497323252938
Epoch: 355 , Loss: 0.0011754147964459915
Epoch: 356 , Loss: 0.001177216883782264
Epoch: 357 , Loss: 0.0011730862827925058
Epoch: 358 , Loss: 0.0011705669650545606
Epoch: 359 , Loss: 0.0011651744357832185
Epoch: 360 , Loss: 0.0011642486671289125
Epoch: 361 , Loss: 0.001159015958096002
Epoch: 362 , Loss: 0.001155408489388543
Epoch: 363 , Loss: 0.001146432226533061
Epoch: 364 , Loss: 0.0011408978411844085
Epoch: 365 , Loss: 0.0011363448090962955
Epoch: 366 , Loss: 0.0011308113577125313
Epoch: 367 , Loss: 0.0011270358082238253
Epoch: 368 , Loss: 0.0011227820575475454
Epoch: 369 , Loss: 0.0011207411473209447
Epoch: 370 , Loss: 0.0011109480013201882
Epoch: 371 , Loss: 0.0011045264373054275
Epoch: 372 , Loss: 0.0011043458666417983
Epoch: 373 , Loss: 0.0011008505359455779
Epoch: 374 , Loss: 0.0010958912120117889
Epoch: 375 , Loss: 0.001095967413513334
Epoch: 376 , Loss: 0.0010899803232956122
Epoch: 377 , Loss: 0.0010867906727276362
Epoch: 378 , Loss: 0.001085037450779687
Epoch: 379 , Loss: 0.0010834990432867398
Epoch: 380 , Loss: 0.001079176607933435
Epoch: 381 , Loss: 0.0010770245276011906
Epoch: 382 , Loss: 0.0010720711925646643
Epoch: 383 , Loss: 0.0010674962999818328
Epoch: 384 , Loss: 0.001063567505373464
Epoch: 385 , Loss: 0.0010616659010564172
Epoch: 386 , Loss: 0.0010578214312409544
Epoch: 387 , Loss: 0.0010521498803313558
Epoch: 388 , Loss: 0.0010456590558384563
Epoch: 389 , Loss: 0.0010446218224791262
Epoch: 390 , Loss: 0.001039479507224543
Epoch: 391 , Loss: 0.0010342519501825194
Epoch: 392 , Loss: 0.0010304012826153567
Epoch: 393 , Loss: 0.0010230785518973975
Epoch: 394 , Loss: 0.0010212565549127348
Epoch: 395 , Loss: 0.001011569629628937
Epoch: 396 , Loss: 0.0010082347554105384
Epoch: 397 , Loss: 0.0010025323101214238
Epoch: 398 , Loss: 0.0009986205123640323
Epoch: 399 , Loss: 0.0009988544064087348
Epoch: 400 , Loss: 0.0009940755782606122
Epoch: 1 , Total Reward: 3784.0747646873338
Epoch: 2 , Total Reward: 3779.153776218922
Epoch: 3 , Total Reward: 3785.2654936266335
Epoch: 4 , Total Reward: 3783.263400994682
Epoch: 5 , Total Reward: 3778.1997699567983
Epoch: 6 , Total Reward: 3775.5444417021754
Epoch: 7 , Total Reward: 3779.225989939348
Epoch: 8 , Total Reward: 3782.367860208546
Epoch: 9 , Total Reward: 3770.1910622679516
Epoch: 10 , Total Reward: 3787.4456062509516
Epoch: 1 , Total Reward: 3626.1145015567613
Epoch: 2 , Total Reward: 1023.6216469102052
Epoch: 3 , Total Reward: 1980.9730895968532
Epoch: 4 , Total Reward: 1021.5753061344282
Epoch: 5 , Total Reward: 1510.4585588356745
Epoch: 6 , Total Reward: 2634.4765384676857
Epoch: 7 , Total Reward: 3095.780983949193
Epoch: 8 , Total Reward: 1035.432509852783
Epoch: 9 , Total Reward: 1719.8824220170757
Epoch: 10 , Total Reward: 3079.710375959139
Expert: mean: 3780.4731 std: 5.103407
Bc: mean: 2072.8027 std: 972.95746
