Loading expert policy
Layer: layer_0, (17,64), (1,64)
Layer: layer_2, (64,64), (1,64)
Layer: out, (64,6), (1,6)
Number of instances: 100100
Epoch: 1 , Loss: 1.5234476695789563
Epoch: 2 , Loss: 0.8394812792188281
Epoch: 3 , Loss: 0.6066678579751548
Epoch: 4 , Loss: 0.48945717261864113
Epoch: 5 , Loss: 0.41546041360982766
Epoch: 6 , Loss: 0.36270886081082004
Epoch: 7 , Loss: 0.32397568877045807
Epoch: 8 , Loss: 0.2942459357201636
Epoch: 9 , Loss: 0.2703335562524024
Epoch: 10 , Loss: 0.25002005913398123
Epoch: 11 , Loss: 0.23228368661977672
Epoch: 12 , Loss: 0.21687826166143426
Epoch: 13 , Loss: 0.2030432508851622
Epoch: 14 , Loss: 0.19019543646813392
Epoch: 15 , Loss: 0.1784789614910846
Epoch: 16 , Loss: 0.1683100947133311
Epoch: 17 , Loss: 0.15962655424714445
Epoch: 18 , Loss: 0.15255279964024013
Epoch: 19 , Loss: 0.14684591247604326
Epoch: 20 , Loss: 0.14134387981403362
Epoch: 21 , Loss: 0.13628694471422131
Epoch: 22 , Loss: 0.1314485981319096
Epoch: 23 , Loss: 0.12677924359118664
Epoch: 24 , Loss: 0.12209088492226768
Epoch: 25 , Loss: 0.11770142108410389
Epoch: 26 , Loss: 0.11369451648586398
Epoch: 27 , Loss: 0.10980687357686258
Epoch: 28 , Loss: 0.10620197456199806
Epoch: 29 , Loss: 0.10304951030414898
Epoch: 30 , Loss: 0.10019902136895087
Epoch: 31 , Loss: 0.09756246934522997
Epoch: 32 , Loss: 0.09519533786144885
Epoch: 33 , Loss: 0.0930767844368766
Epoch: 34 , Loss: 0.09126437304379581
Epoch: 35 , Loss: 0.08953486083389876
Epoch: 36 , Loss: 0.08790559465711291
Epoch: 37 , Loss: 0.08630913878296996
Epoch: 38 , Loss: 0.08484305180750645
Epoch: 39 , Loss: 0.08345370299332626
Epoch: 40 , Loss: 0.08208634846217625
Epoch: 41 , Loss: 0.0807778667522358
Epoch: 42 , Loss: 0.07952447270060872
Epoch: 43 , Loss: 0.07831637930322241
Epoch: 44 , Loss: 0.07709618996192406
Epoch: 45 , Loss: 0.0759997696547837
Epoch: 46 , Loss: 0.07496811064568672
Epoch: 47 , Loss: 0.07399112867189574
Epoch: 48 , Loss: 0.07308033154322789
Epoch: 49 , Loss: 0.07225927377676035
Epoch: 50 , Loss: 0.07150943859950169
Epoch: 51 , Loss: 0.07068510367081954
Epoch: 52 , Loss: 0.06998721664840286
Epoch: 53 , Loss: 0.06924358052569074
Epoch: 54 , Loss: 0.06858845248684421
Epoch: 55 , Loss: 0.0679124192114953
Epoch: 56 , Loss: 0.0672642216696725
Epoch: 57 , Loss: 0.06657098600557158
Epoch: 58 , Loss: 0.0658115764717003
Epoch: 59 , Loss: 0.06499564745328525
Epoch: 60 , Loss: 0.0642044293558919
Epoch: 61 , Loss: 0.0634459859007722
Epoch: 62 , Loss: 0.06274866718631406
Epoch: 63 , Loss: 0.062007940856369584
Epoch: 64 , Loss: 0.061306501573377796
Epoch: 65 , Loss: 0.060604409190205544
Epoch: 66 , Loss: 0.05991556535353074
Epoch: 67 , Loss: 0.05928973438975575
Epoch: 68 , Loss: 0.058644381445961874
Epoch: 69 , Loss: 0.05804305355746548
Epoch: 70 , Loss: 0.057478903752345066
Epoch: 71 , Loss: 0.05702958111758237
Epoch: 72 , Loss: 0.056535189835341663
Epoch: 73 , Loss: 0.05607764904315655
Epoch: 74 , Loss: 0.055586546432007326
Epoch: 75 , Loss: 0.055210417224453405
Epoch: 76 , Loss: 0.054844132174740545
Epoch: 77 , Loss: 0.05450442820043116
Epoch: 78 , Loss: 0.05417227917498761
Epoch: 79 , Loss: 0.05382310950196349
Epoch: 80 , Loss: 0.053511935061627214
Epoch: 81 , Loss: 0.05311764497023362
Epoch: 82 , Loss: 0.05281719223959939
Epoch: 83 , Loss: 0.05255052122560057
Epoch: 84 , Loss: 0.05223377062962367
Epoch: 85 , Loss: 0.051912213867599075
Epoch: 86 , Loss: 0.05163893413829518
Epoch: 87 , Loss: 0.05139327318875583
Epoch: 88 , Loss: 0.05108046046741954
Epoch: 89 , Loss: 0.0508366799807096
Epoch: 90 , Loss: 0.05055140662979293
Epoch: 91 , Loss: 0.05031439112378405
Epoch: 92 , Loss: 0.05007734415890811
Epoch: 93 , Loss: 0.0498502497049002
Epoch: 94 , Loss: 0.049722384625262434
Epoch: 95 , Loss: 0.049471663618897585
Epoch: 96 , Loss: 0.04934986848097581
Epoch: 97 , Loss: 0.04914053710190566
Epoch: 98 , Loss: 0.04893769033662566
Epoch: 99 , Loss: 0.04871529936433196
Epoch: 100 , Loss: 0.04849078546156297
Epoch: 101 , Loss: 0.04824190359849196
Epoch: 102 , Loss: 0.048097929749693666
Epoch: 103 , Loss: 0.04787709682971447
Epoch: 104 , Loss: 0.04759823932514324
Epoch: 105 , Loss: 0.04736998243646307
Epoch: 106 , Loss: 0.04704758519297475
Epoch: 107 , Loss: 0.04676812079522041
Epoch: 108 , Loss: 0.046466634780853305
Epoch: 109 , Loss: 0.04621776478869336
Epoch: 110 , Loss: 0.04587834665944407
Epoch: 111 , Loss: 0.045591492505221216
Epoch: 112 , Loss: 0.045335448081200415
Epoch: 113 , Loss: 0.045070646821440276
Epoch: 114 , Loss: 0.04478023506187416
Epoch: 115 , Loss: 0.04449645747433414
Epoch: 116 , Loss: 0.044220670543826904
Epoch: 117 , Loss: 0.04389753209246503
Epoch: 118 , Loss: 0.04363917190711815
Epoch: 119 , Loss: 0.043425859085448854
Epoch: 120 , Loss: 0.04319742800115229
Epoch: 121 , Loss: 0.04292715629021247
Epoch: 122 , Loss: 0.04273279934139042
Epoch: 123 , Loss: 0.04253915991578307
Epoch: 124 , Loss: 0.04234082683102115
Epoch: 125 , Loss: 0.04214167943605772
Epoch: 126 , Loss: 0.04192756051664705
Epoch: 127 , Loss: 0.041721188690993456
Epoch: 128 , Loss: 0.04152896079864654
Epoch: 129 , Loss: 0.041294874035037836
Epoch: 130 , Loss: 0.04111260507490251
Epoch: 131 , Loss: 0.04084516275655497
Epoch: 132 , Loss: 0.04066764701972832
Epoch: 133 , Loss: 0.0404178912918289
Epoch: 134 , Loss: 0.040221381325583595
Epoch: 135 , Loss: 0.04001674878847349
Epoch: 136 , Loss: 0.039880998565719555
Epoch: 137 , Loss: 0.03965595219637845
Epoch: 138 , Loss: 0.03946307124195995
Epoch: 139 , Loss: 0.03928915785980987
Epoch: 140 , Loss: 0.03915918044872455
Epoch: 141 , Loss: 0.03900563454413628
Epoch: 142 , Loss: 0.038873091020307816
Epoch: 143 , Loss: 0.03874501966215395
Epoch: 144 , Loss: 0.03855566133390535
Epoch: 145 , Loss: 0.03841335203264143
Epoch: 146 , Loss: 0.03828965854454231
Epoch: 147 , Loss: 0.0381140903754906
Epoch: 148 , Loss: 0.03801037904623148
Epoch: 149 , Loss: 0.03788795218243823
Epoch: 150 , Loss: 0.03780017273052113
Epoch: 151 , Loss: 0.03758093013630047
Epoch: 152 , Loss: 0.03742819905638337
Epoch: 153 , Loss: 0.03732109696715028
Epoch: 154 , Loss: 0.03717736361862777
Epoch: 155 , Loss: 0.03707847797191822
Epoch: 156 , Loss: 0.03692161946863561
Epoch: 157 , Loss: 0.036811538333302134
Epoch: 158 , Loss: 0.03665506502012392
Epoch: 159 , Loss: 0.03651826482195478
Epoch: 160 , Loss: 0.03640958743138271
Epoch: 161 , Loss: 0.03630795335436201
Epoch: 162 , Loss: 0.03617732158550373
Epoch: 163 , Loss: 0.036097791645076725
Epoch: 164 , Loss: 0.03601039834074922
Epoch: 165 , Loss: 0.03593178054074069
Epoch: 166 , Loss: 0.03588029060211334
Epoch: 167 , Loss: 0.035789828314766896
Epoch: 168 , Loss: 0.03563780622644262
Epoch: 169 , Loss: 0.0355058075450398
Epoch: 170 , Loss: 0.03543010934606775
Epoch: 171 , Loss: 0.03533390906902698
Epoch: 172 , Loss: 0.03525998982992563
Epoch: 173 , Loss: 0.035191456654688695
Epoch: 174 , Loss: 0.03516626077932078
Epoch: 175 , Loss: 0.035095415515499516
Epoch: 176 , Loss: 0.03502610917334314
Epoch: 177 , Loss: 0.0349400863209209
Epoch: 178 , Loss: 0.034870378244649634
Epoch: 179 , Loss: 0.03480139431300816
Epoch: 180 , Loss: 0.03466929326166997
Epoch: 181 , Loss: 0.03459432862498067
Epoch: 182 , Loss: 0.03450162549357076
Epoch: 183 , Loss: 0.03441012263417125
Epoch: 184 , Loss: 0.03437353770096938
Epoch: 185 , Loss: 0.0342434208209698
Epoch: 186 , Loss: 0.03415378835413244
Epoch: 187 , Loss: 0.034141335458784075
Epoch: 188 , Loss: 0.034158427879645986
Epoch: 189 , Loss: 0.03405624644501464
Epoch: 190 , Loss: 0.033952640096148054
Epoch: 191 , Loss: 0.03386315677311275
Epoch: 192 , Loss: 0.03372532576352328
Epoch: 193 , Loss: 0.03363111446906517
Epoch: 194 , Loss: 0.033554435971971754
Epoch: 195 , Loss: 0.03351442046932407
Epoch: 196 , Loss: 0.03344991734454206
Epoch: 197 , Loss: 0.03339932858527123
Epoch: 198 , Loss: 0.03331533417716012
Epoch: 199 , Loss: 0.033232869430259986
Epoch: 200 , Loss: 0.03316303046909603
Epoch: 201 , Loss: 0.03310762409206394
Epoch: 202 , Loss: 0.03299641372916939
Epoch: 203 , Loss: 0.032920525000169204
Epoch: 204 , Loss: 0.03281961955986061
Epoch: 205 , Loss: 0.032760162544059945
Epoch: 206 , Loss: 0.03270610332965374
Epoch: 207 , Loss: 0.03260470669467252
Epoch: 208 , Loss: 0.032548779769615455
Epoch: 209 , Loss: 0.03250063070169577
Epoch: 210 , Loss: 0.03243285373493389
Epoch: 211 , Loss: 0.03237590221972851
Epoch: 212 , Loss: 0.03232027140530673
Epoch: 213 , Loss: 0.03228876373508236
Epoch: 214 , Loss: 0.03223544484728223
Epoch: 215 , Loss: 0.032117605476112636
Epoch: 216 , Loss: 0.032054286003112796
Epoch: 217 , Loss: 0.0320123552061342
Epoch: 218 , Loss: 0.03195594738056133
Epoch: 219 , Loss: 0.03188172874869881
Epoch: 220 , Loss: 0.031828288660421
Epoch: 221 , Loss: 0.031725254039783456
Epoch: 222 , Loss: 0.03169242277726546
Epoch: 223 , Loss: 0.031666144495839245
Epoch: 224 , Loss: 0.03161472096190705
Epoch: 225 , Loss: 0.03155902175636558
Epoch: 226 , Loss: 0.031567140502053184
Epoch: 227 , Loss: 0.03150755940379201
Epoch: 228 , Loss: 0.031433469884760014
Epoch: 229 , Loss: 0.03135068647154085
Epoch: 230 , Loss: 0.03128161895287025
Epoch: 231 , Loss: 0.031249206544874192
Epoch: 232 , Loss: 0.03121415940436212
Epoch: 233 , Loss: 0.031116949085231785
Epoch: 234 , Loss: 0.031064817879226183
Epoch: 235 , Loss: 0.030976242118782096
Epoch: 236 , Loss: 0.030856010358888547
Epoch: 237 , Loss: 0.030751891179041906
Epoch: 238 , Loss: 0.030668840389270764
Epoch: 239 , Loss: 0.030561584959496985
Epoch: 240 , Loss: 0.030466455636800942
Epoch: 241 , Loss: 0.030389476403608902
Epoch: 242 , Loss: 0.030316730245843634
Epoch: 243 , Loss: 0.030206799678631
Epoch: 244 , Loss: 0.03012343076082853
Epoch: 245 , Loss: 0.030072430735463267
Epoch: 246 , Loss: 0.029938268618626553
Epoch: 247 , Loss: 0.02990124089853628
Epoch: 248 , Loss: 0.029789118352350773
Epoch: 249 , Loss: 0.029675747083498166
Epoch: 250 , Loss: 0.029574211913269834
Epoch: 251 , Loss: 0.0294802332829524
Epoch: 252 , Loss: 0.02940555167603088
Epoch: 253 , Loss: 0.029243092455944933
Epoch: 254 , Loss: 0.029162140992971566
Epoch: 255 , Loss: 0.02902982846125737
Epoch: 256 , Loss: 0.028914037160463743
Epoch: 257 , Loss: 0.028828009006145832
Epoch: 258 , Loss: 0.02865132547163225
Epoch: 259 , Loss: 0.028549828991427884
Epoch: 260 , Loss: 0.028469181984930963
Epoch: 261 , Loss: 0.028362846155385753
Epoch: 262 , Loss: 0.0282522232644446
Epoch: 263 , Loss: 0.028205607716258352
Epoch: 264 , Loss: 0.028114418126010038
Epoch: 265 , Loss: 0.027995088074233506
Epoch: 266 , Loss: 0.02787069581724428
Epoch: 267 , Loss: 0.02784200317257053
Epoch: 268 , Loss: 0.027761684440589927
Epoch: 269 , Loss: 0.027702767889459173
Epoch: 270 , Loss: 0.027646216322015693
Epoch: 271 , Loss: 0.02754265870485868
Epoch: 272 , Loss: 0.027460235992035308
Epoch: 273 , Loss: 0.027420220436987938
Epoch: 274 , Loss: 0.02736787893674471
Epoch: 275 , Loss: 0.02727831888627577
Epoch: 276 , Loss: 0.02718775680610588
Epoch: 277 , Loss: 0.027114637024276383
Epoch: 278 , Loss: 0.027029038066273325
Epoch: 279 , Loss: 0.026957610832465874
Epoch: 280 , Loss: 0.02688101538887748
Epoch: 281 , Loss: 0.026837166072605372
Epoch: 282 , Loss: 0.026768378906554872
Epoch: 283 , Loss: 0.02669300956325931
Epoch: 284 , Loss: 0.026686324654044687
Epoch: 285 , Loss: 0.026614119423019302
Epoch: 286 , Loss: 0.02652842781284115
Epoch: 287 , Loss: 0.0264952870730039
Epoch: 288 , Loss: 0.026427811723608117
Epoch: 289 , Loss: 0.026371792355974713
Epoch: 290 , Loss: 0.02629967957228928
Epoch: 291 , Loss: 0.02626517510676122
Epoch: 292 , Loss: 0.026211831729252497
Epoch: 293 , Loss: 0.026131013790210645
Epoch: 294 , Loss: 0.026116934275174593
Epoch: 295 , Loss: 0.026110031192714756
Epoch: 296 , Loss: 0.02605919054814509
Epoch: 297 , Loss: 0.026037607959934046
Epoch: 298 , Loss: 0.02597644148053942
Epoch: 299 , Loss: 0.0259230147684728
Epoch: 300 , Loss: 0.025875698855587773
Epoch: 301 , Loss: 0.025814641686705324
Epoch: 302 , Loss: 0.02579605059666591
Epoch: 303 , Loss: 0.0257395705214509
Epoch: 304 , Loss: 0.025686241820618346
Epoch: 305 , Loss: 0.025655111418618308
Epoch: 306 , Loss: 0.025608628298733737
Epoch: 307 , Loss: 0.025577691442125683
Epoch: 308 , Loss: 0.025536322808051324
Epoch: 309 , Loss: 0.025466049134314477
Epoch: 310 , Loss: 0.025415020260539326
Epoch: 311 , Loss: 0.025365032563795457
Epoch: 312 , Loss: 0.02532864235736035
Epoch: 313 , Loss: 0.025305401114197996
Epoch: 314 , Loss: 0.025270598570664566
Epoch: 315 , Loss: 0.025233188185182127
Epoch: 316 , Loss: 0.02519802436961994
Epoch: 317 , Loss: 0.025158149860241077
Epoch: 318 , Loss: 0.02509493654900855
Epoch: 319 , Loss: 0.02506209387288584
Epoch: 320 , Loss: 0.025040563308037483
Epoch: 321 , Loss: 0.024981833523684566
Epoch: 322 , Loss: 0.024937139919825962
Epoch: 323 , Loss: 0.02492632820651486
Epoch: 324 , Loss: 0.024890129420902584
Epoch: 325 , Loss: 0.024812455601268237
Epoch: 326 , Loss: 0.024791175645071786
Epoch: 327 , Loss: 0.024766495816119307
Epoch: 328 , Loss: 0.024734331315809436
Epoch: 329 , Loss: 0.02466739832699954
Epoch: 330 , Loss: 0.0246332938282878
Epoch: 331 , Loss: 0.02459677311804864
Epoch: 332 , Loss: 0.02457132419506153
Epoch: 333 , Loss: 0.024538578467888313
Epoch: 334 , Loss: 0.02452798608061555
Epoch: 335 , Loss: 0.02450906462483592
Epoch: 336 , Loss: 0.02448093869231202
Epoch: 337 , Loss: 0.024423844931008933
Epoch: 338 , Loss: 0.02436315788970246
Epoch: 339 , Loss: 0.02431916204484907
Epoch: 340 , Loss: 0.02427070801074688
Epoch: 341 , Loss: 0.02421987129139019
Epoch: 342 , Loss: 0.024210363153692013
Epoch: 343 , Loss: 0.024202701528589207
Epoch: 344 , Loss: 0.024155328523862613
Epoch: 345 , Loss: 0.024149301745198467
Epoch: 346 , Loss: 0.024132390770164283
Epoch: 347 , Loss: 0.02408047741347855
Epoch: 348 , Loss: 0.024043641309519033
Epoch: 349 , Loss: 0.024024073417846497
Epoch: 350 , Loss: 0.024011931638498525
Epoch: 351 , Loss: 0.02397870656850931
Epoch: 352 , Loss: 0.02393972575485885
Epoch: 353 , Loss: 0.02394149026670656
Epoch: 354 , Loss: 0.023914738549338236
Epoch: 355 , Loss: 0.02387361921392359
Epoch: 356 , Loss: 0.023854222278614026
Epoch: 357 , Loss: 0.02381158049409087
Epoch: 358 , Loss: 0.023795240404127123
Epoch: 359 , Loss: 0.02374539214771587
Epoch: 360 , Loss: 0.02371562183677376
Epoch: 361 , Loss: 0.023713487640365617
Epoch: 362 , Loss: 0.023670332491338313
Epoch: 363 , Loss: 0.023693407779926068
Epoch: 364 , Loss: 0.02370534890181535
Epoch: 365 , Loss: 0.023653459858584712
Epoch: 366 , Loss: 0.023649947364608962
Epoch: 367 , Loss: 0.023584481571818684
Epoch: 368 , Loss: 0.023537920981377632
Epoch: 369 , Loss: 0.023498378185840038
Epoch: 370 , Loss: 0.02349097112794737
Epoch: 371 , Loss: 0.02345074223948049
Epoch: 372 , Loss: 0.023449261672013288
Epoch: 373 , Loss: 0.023442382117013237
Epoch: 374 , Loss: 0.023415512890963407
Epoch: 375 , Loss: 0.02337906806976288
Epoch: 376 , Loss: 0.023346739625120974
Epoch: 377 , Loss: 0.02333119251868584
Epoch: 378 , Loss: 0.023311145812957793
Epoch: 379 , Loss: 0.02322081755924892
Epoch: 380 , Loss: 0.023214918335715495
Epoch: 381 , Loss: 0.023218967483474778
Epoch: 382 , Loss: 0.02323548825232537
Epoch: 383 , Loss: 0.023235522197795795
Epoch: 384 , Loss: 0.023204994520821892
Epoch: 385 , Loss: 0.023143483618279913
Epoch: 386 , Loss: 0.023089022169579993
Epoch: 387 , Loss: 0.02305574481899326
Epoch: 388 , Loss: 0.023011726451801374
Epoch: 389 , Loss: 0.022929033871059056
Epoch: 390 , Loss: 0.022836912442873288
Epoch: 391 , Loss: 0.022767205133542908
Epoch: 392 , Loss: 0.02271260859844806
Epoch: 393 , Loss: 0.02264102793835498
Epoch: 394 , Loss: 0.022585817679063185
Epoch: 395 , Loss: 0.022545492937276652
Epoch: 396 , Loss: 0.022506435810626446
Epoch: 397 , Loss: 0.022490574434682446
Epoch: 398 , Loss: 0.02244356475033603
Epoch: 399 , Loss: 0.02240637107090755
Epoch: 400 , Loss: 0.02237648182696515
Epoch: 1 , Total Reward: 5521.888188905892
Epoch: 2 , Total Reward: 5536.291985883156
Epoch: 3 , Total Reward: 5576.559414363113
Epoch: 4 , Total Reward: 5539.5006673150165
Epoch: 5 , Total Reward: 5541.935515326091
Epoch: 6 , Total Reward: 5599.513930726586
Epoch: 7 , Total Reward: 5527.577809161112
Epoch: 8 , Total Reward: 5407.441489801451
Epoch: 9 , Total Reward: 5523.887973919751
Epoch: 10 , Total Reward: 5527.126239502476
Epoch: 1 , Total Reward: 5515.878098481862
Epoch: 2 , Total Reward: 5301.600022649674
Epoch: 3 , Total Reward: 5479.622018023988
Epoch: 4 , Total Reward: 5509.412851131554
Epoch: 5 , Total Reward: 5495.254882515843
Epoch: 6 , Total Reward: 5508.340280746024
Epoch: 7 , Total Reward: 1218.1762922955822
Epoch: 8 , Total Reward: 5507.457492004663
Epoch: 9 , Total Reward: 5331.534060253424
Epoch: 10 , Total Reward: 5132.031479719964
Expert: mean: 5530.172 std: 49.8998
Bc: mean: 4999.9307 std: 1334.8895
